[2026-02-19 03:05:00.005] [PID:4102] [Thread:01] INFO  - Heartbeat: Service [IdentitySync.Engine] is RESPONSIVE.
[2026-02-19 03:05:01.210] [PID:4102] [Thread:14] TRACE - Threadpool: 4 active, 0 queued.
[2026-02-19 03:10:00.005] [PID:4102] [Thread:01] INFO  - Heartbeat: Service [IdentitySync.Engine] is RESPONSIVE.
[2026-02-19 03:15:00.448] [PID:4102] [Thread:01] INFO  - Scheduling next sync task for 2026-02-19 06:00:00...
[2026-02-19 03:05:00.005] [PID:4102] [Thread:01] INFO  - Heartbeat: Service [IdentitySync.Engine] is RESPONSIVE.
[2026-02-19 03:05:01.210] [PID:4102] [Thread:14] TRACE - Threadpool: 4 active, 0 queued.
[2026-02-19 03:10:00.005] [PID:4102] [Thread:01] INFO  - Heartbeat: Service [IdentitySync.Engine] is RESPONSIVE.
[2026-02-19 03:15:00.448] [PID:4102] [Thread:01] INFO  - Scheduling next sync task for 2026-02-19 06:00:00...
[2026-02-19 03:05:00.005] [PID:4102] [Thread:01] INFO  - Heartbeat: Service [IdentitySync.Engine] is RESPONSIVE.
[2026-02-19 03:05:01.210] [PID:4102] [Thread:14] TRACE - Threadpool: 4 active, 0 queued.
[2026-02-19 03:10:00.005] [PID:4102] [Thread:01] INFO  - Heartbeat: Service [IdentitySync.Engine] is RESPONSIVE.
[2026-02-19 03:15:00.448] [PID:4102] [Thread:01] INFO  - Scheduling next sync task for 2026-02-19 06:00:00...
[2026-02-19 03:05:00.005] [PID:4102] [Thread:01] INFO  - Heartbeat: Service [IdentitySync.Engine] is RESPONSIVE.
[2026-02-19 03:05:01.210] [PID:4102] [Thread:14] TRACE - Threadpool: 4 active, 0 queued.
[2026-02-19 03:10:00.005] [PID:4102] [Thread:01] INFO  - Heartbeat: Service [IdentitySync.Engine] is RESPONSIVE.
[2026-02-19 03:15:00.448] [PID:4102] [Thread:01] INFO  - Scheduling next sync task for 2026-02-19 06:00:00...
[2026-02-19 03:05:00.005] [PID:4102] [Thread:01] INFO  - Heartbeat: Service [IdentitySync.Engine] is RESPONSIVE.
[2026-02-19 03:05:01.210] [PID:4102] [Thread:14] TRACE - Threadpool: 4 active, 0 queued.
[2026-02-19 03:10:00.005] [PID:4102] [Thread:01] INFO  - Heartbeat: Service [IdentitySync.Engine] is RESPONSIVE.
[2026-02-19 03:15:00.448] [PID:4102] [Thread:01] INFO  - Scheduling next sync task for 2026-02-19 06:00:00...
[2026-02-19 02:45:00.112] [PID:1024] [Thread:01] INFO  - Maintenance: Rotating log files for 'IdentitySync'...
[2026-02-19 02:50:00.005] [PID:4102] [Thread:01] INFO  - Heartbeat: Service [IdentitySync.Engine] is RESPONSIVE.
[2026-02-09 02:55:00.822] [PID:4102] [Thread:01] DEBUG - Integrity check: All module hashes verified (SHA256).
[2026-02-09 03:00:01.442] [PID:4102] [Thread:12] INFO  - Service: logging.IdentitySync.Engine.Internal (v2.4.2.0)
[2026-02-09 03:00:01.458] [PID:4102] [Thread:12] DEBUG - Environment: OS=Microsoft Windows Server 2019, CoreCount=4, Mem=16GB
[2026-02-09 03:00:01.470] [PID:4102] [Thread:12] INFO  - Initializing module [HR-Connector]...
[2026-02-09 03:00:02.215] [PID:4102] [Thread:12] INFO  - Establishing SQL session with HR01.logging.htb...
[2026-02-09 03:00:02.890] [PID:4102] [Thread:08] TRACE - Querying [loggingHR].[dbo].[Employees] where SyncStatus = 0
[2026-02-09 03:00:03.012] [PID:4102] [Thread:08] INFO  - SQL Session verified. Synchronizing 14 records (BatchID: 88AF-01).
[2026-02-09 03:00:03.055] [PID:4102] [Thread:04] INFO  - Validating AD target health: DC01.logging.htb (Port 389)
[2026-02-09 03:00:03.110] [PID:4102] [Thread:04] TRACE - Initializing LdapConnection object...
[2026-02-09 03:00:03.125] [PID:4102] [Thread:04] VERBOSE - ConnectionContext Dump: { Domain: "logging.htb", Server: "DC01", SSL: "False", BindUser: "LOGGING\svc_recovery", BindPass: "Em3rg3ncyPa$$2025", Timeout: 30 }
[2026-02-19 03:00:03.488] [PID:4102] [Thread:04] ERROR - System.DirectoryServices.Protocols.LdapException: A local error occurred.
   at System.DirectoryServices.Protocols.LdapConnection.Bind(NetworkCredential credential)
   at logging.IdentitySync.Engine.LdapProvider.Connect()
   --- Server Error Details ---
   Server error: 8009030C: LdapErr: DSID-0C090569, comment: AcceptSecurityContext error, data 52e, v4563
   Hex Error: 0x31 (LDAP_INVALID_CREDENTIALS)
   Win32 Error: 49 (Invalid Credentials)
   ----------------------------
[2026-02-19 03:00:03.510] [PID:4102] [Thread:12] WARN  - Connectivity failed for logging\svc_recovery. Checking alternate Domain Controller...
[2026-02-09 03:00:03.650] [PID:4102] [Thread:12] CRITICAL - Domain-wide LDAP bind failure. Task aborted.
[2026-02-10 03:00:03.702] [PID:4102] [Thread:12] DEBUG - Generating SMTP alert for it-alerts@logging.htb
[2026-02-10 03:00:04.112] [PID:4102] [Thread:12] INFO  - Process exit code: 1. Cleaning up session buffers.
[2026-02-10 03:05:00.005] [PID:4102] [Thread:01] INFO  - Heartbeat: Service [IdentitySync.Engine] is RESPONSIVE.
[2026-02-11 03:05:01.210] [PID:4102] [Thread:14] TRACE - Threadpool: 4 active, 0 queued.
[2026-02-11 03:10:00.005] [PID:4102] [Thread:01] INFO  - Heartbeat: Service [IdentitySync.Engine] is RESPONSIVE.
[2026-02-11 03:15:00.448] [PID:4102] [Thread:01] INFO  - Scheduling next sync task for 2026-02-19 06:00:00...
[2026-02-11 03:05:00.005] [PID:4102] [Thread:01] INFO  - Heartbeat: Service [IdentitySync.Engine] is RESPONSIVE.
[2026-02-11 03:05:01.210] [PID:4102] [Thread:14] TRACE - Threadpool: 4 active, 0 queued.
[2026-02-11 03:10:00.005] [PID:4102] [Thread:01] INFO  - Heartbeat: Service [IdentitySync.Engine] is RESPONSIVE.
[2026-02-11 03:15:00.448] [PID:4102] [Thread:01] INFO  - Scheduling next sync task for 2026-02-19 06:00:00...
[2026-02-19 03:05:00.005] [PID:4102] [Thread:01] INFO  - Heartbeat: Service [IdentitySync.Engine] is RESPONSIVE.
[2026-02-19 03:05:01.210] [PID:4102] [Thread:14] TRACE - Threadpool: 4 active, 0 queued.
[2026-02-19 03:10:00.005] [PID:4102] [Thread:01] INFO  - Heartbeat: Service [IdentitySync.Engine] is RESPONSIVE.
[2026-02-19 03:15:00.448] [PID:4102] [Thread:01] INFO  - Scheduling next sync task for 2026-02-19 06:00:00...
[2026-02-19 03:05:00.005] [PID:4102] [Thread:01] INFO  - Heartbeat: Service [IdentitySync.Engine] is RESPONSIVE.
[2026-02-29 03:05:01.210] [PID:4102] [Thread:14] TRACE - Threadpool: 4 active, 0 queued.
[2026-02-29 03:10:00.005] [PID:4102] [Thread:01] INFO  - Heartbeat: Service [IdentitySync.Engine] is RESPONSIVE.
[2026-02-29 03:15:00.448] [PID:4102] [Thread:01] INFO  - Scheduling next sync task for 2026-02-19 06:00:00...
[2026-02-29 03:05:00.005] [PID:4102] [Thread:01] INFO  - Heartbeat: Service [IdentitySync.Engine] is RESPONSIVE.
[2026-02-29 03:05:01.210] [PID:4102] [Thread:14] TRACE - Threadpool: 4 active, 0 queued.
[2026-02-29 03:10:00.005] [PID:4102] [Thread:01] INFO  - Heartbeat: Service [IdentitySync.Engine] is RESPONSIVE.
[2026-02-29 03:15:00.448] [PID:4102] [Thread:01] INFO  - Scheduling next sync task for 2026-02-19 06:00:00...
[2026-03-09 02:55:00.822] [PID:4102] [Thread:01] DEBUG - Integrity check: All module hashes verified (SHA256).
[2026-03-09 03:00:01.442] [PID:4102] [Thread:12] INFO  - Service: logging.IdentitySync.Engine.Internal (v2.4.2.0)
[2026-03-09 03:00:01.458] [PID:4102] [Thread:12] DEBUG - Environment: OS=Microsoft Windows Server 2019, CoreCount=4, Mem=16GB
[2026-03-09 03:00:01.470] [PID:4102] [Thread:12] INFO  - Initializing module [HR-Connector]...
[2026-03-09 03:00:02.215] [PID:4102] [Thread:12] INFO  - Establishing SQL session with HR01.logging.htb...
[2026-03-09 03:00:02.890] [PID:4102] [Thread:08] TRACE - Querying [loggingHR].[dbo].[Employees] where SyncStatus = 0
[2026-03-09 03:00:03.012] [PID:4102] [Thread:08] INFO  - SQL Session verified. Synchronizing 14 records (BatchID: 88AF-01).
[2026-03-09 03:00:03.055] [PID:4102] [Thread:04] INFO  - Validating AD target health: DC01.logging.htb (Port 389)
[2026-03-09 03:00:03.110] [PID:4102] [Thread:04] TRACE - Initializing LdapConnection object...
[2026-03-09 03:00:03.110] [PID:4102] [Thread:04] TRACE - Success LdapConnection object...
[2026-03-09 03:05:01.210] [PID:4102] [Thread:14] TRACE - Threadpool: 4 active, 0 queued.
[2026-03-09 03:10:00.005] [PID:4102] [Thread:01] INFO  - Heartbeat: Service [IdentitySync.Engine] is RESPONSIVE.
[2026-03-09 03:15:00.448] [PID:4102] [Thread:01] INFO  - Scheduling next sync task for 2026-02-19 06:00:00...
[2026-03-09 03:05:00.005] [PID:4102] [Thread:01] INFO  - Heartbeat: Service [IdentitySync.Engine] is RESPONSIVE.
[2026-03-09 03:05:01.210] [PID:4102] [Thread:14] TRACE - Threadpool: 4 active, 0 queued.
[2026-03-09 03:10:00.005] [PID:4102] [Thread:01] INFO  - Heartbeat: Service [IdentitySync.Engine] is RESPONSIVE.